<?xml version="1.0" encoding="UTF-8"?>
<!-- Generated by org.testng.reporters.JUnitXMLReporter -->
<testsuite ignored="0" hostname="DESKTOP-1U92PBD" failures="0" tests="3" name="Default test" time="0.07" errors="0" timestamp="2022-12-05T15:58:39 CST">
  <testcase classname="javaassign.Limittwo" name="testing1" time="0.015"/>
  <testcase classname="javaassign.Limittwo" name="testing2" time="0.001"/>
  <testcase classname="javaassign.Limittwo" name="testing3" time="0.001"/>
</testsuite> <!-- Default test -->
